{"total": {"lines":{"total":1524,"covered":515,"skipped":0,"pct":33.79},"statements":{"total":1556,"covered":520,"skipped":0,"pct":33.42},"functions":{"total":442,"covered":54,"skipped":0,"pct":12.22},"branches":{"total":738,"covered":94,"skipped":0,"pct":12.74}}
,"/Users/will/Projects/Split Infinities/Stellar/@stellar/src/components/theme.tsx": {"lines":{"total":4,"covered":3,"skipped":0,"pct":75},"functions":{"total":1,"covered":0,"skipped":0,"pct":0},"statements":{"total":4,"covered":3,"skipped":0,"pct":75},"branches":{"total":0,"covered":0,"skipped":0,"pct":100}}
,"/Users/will/Projects/Split Infinities/Stellar/@stellar/src/components/forms/button/button.tsx": {"lines":{"total":54,"covered":26,"skipped":0,"pct":48.15},"functions":{"total":15,"covered":3,"skipped":0,"pct":20},"statements":{"total":54,"covered":26,"skipped":0,"pct":48.15},"branches":{"total":36,"covered":8,"skipped":0,"pct":22.22}}
,"/Users/will/Projects/Split Infinities/Stellar/@stellar/src/components/forms/color-picker/color-picker.tsx": {"lines":{"total":19,"covered":9,"skipped":0,"pct":47.37},"functions":{"total":9,"covered":1,"skipped":0,"pct":11.11},"statements":{"total":19,"covered":9,"skipped":0,"pct":47.37},"branches":{"total":2,"covered":0,"skipped":0,"pct":0}}
,"/Users/will/Projects/Split Infinities/Stellar/@stellar/src/components/forms/form/form.tsx": {"lines":{"total":38,"covered":9,"skipped":0,"pct":23.68},"functions":{"total":11,"covered":1,"skipped":0,"pct":9.09},"statements":{"total":41,"covered":9,"skipped":0,"pct":21.95},"branches":{"total":14,"covered":0,"skipped":0,"pct":0}}
,"/Users/will/Projects/Split Infinities/Stellar/@stellar/src/components/forms/item/item.tsx": {"lines":{"total":64,"covered":22,"skipped":0,"pct":34.38},"functions":{"total":18,"covered":1,"skipped":0,"pct":5.56},"statements":{"total":66,"covered":22,"skipped":0,"pct":33.33},"branches":{"total":29,"covered":1,"skipped":0,"pct":3.45}}
,"/Users/will/Projects/Split Infinities/Stellar/@stellar/src/components/forms/label/label.tsx": {"lines":{"total":6,"covered":5,"skipped":0,"pct":83.33},"functions":{"total":2,"covered":1,"skipped":0,"pct":50},"statements":{"total":6,"covered":5,"skipped":0,"pct":83.33},"branches":{"total":0,"covered":0,"skipped":0,"pct":100}}
,"/Users/will/Projects/Split Infinities/Stellar/@stellar/src/components/forms/progress/progress.tsx": {"lines":{"total":47,"covered":18,"skipped":0,"pct":38.3},"functions":{"total":9,"covered":1,"skipped":0,"pct":11.11},"statements":{"total":48,"covered":18,"skipped":0,"pct":37.5},"branches":{"total":24,"covered":0,"skipped":0,"pct":0}}
,"/Users/will/Projects/Split Infinities/Stellar/@stellar/src/components/forms/select/select.tsx": {"lines":{"total":201,"covered":20,"skipped":0,"pct":9.95},"functions":{"total":54,"covered":1,"skipped":0,"pct":1.85},"statements":{"total":205,"covered":20,"skipped":0,"pct":9.76},"branches":{"total":126,"covered":0,"skipped":0,"pct":0}}
,"/Users/will/Projects/Split Infinities/Stellar/@stellar/src/components/forms/switch/switch.tsx": {"lines":{"total":21,"covered":7,"skipped":0,"pct":33.33},"functions":{"total":8,"covered":1,"skipped":0,"pct":12.5},"statements":{"total":21,"covered":7,"skipped":0,"pct":33.33},"branches":{"total":10,"covered":0,"skipped":0,"pct":0}}
,"/Users/will/Projects/Split Infinities/Stellar/@stellar/src/components/forms/toggle/toggle.tsx": {"lines":{"total":46,"covered":11,"skipped":0,"pct":23.91},"functions":{"total":15,"covered":1,"skipped":0,"pct":6.67},"statements":{"total":47,"covered":11,"skipped":0,"pct":23.4},"branches":{"total":32,"covered":0,"skipped":0,"pct":0}}
,"/Users/will/Projects/Split Infinities/Stellar/@stellar/src/components/forms/toggle-option/toggle-option.tsx": {"lines":{"total":52,"covered":16,"skipped":0,"pct":30.77},"functions":{"total":21,"covered":1,"skipped":0,"pct":4.76},"statements":{"total":56,"covered":16,"skipped":0,"pct":28.57},"branches":{"total":42,"covered":0,"skipped":0,"pct":0}}
,"/Users/will/Projects/Split Infinities/Stellar/@stellar/src/components/helpers/auto-scroll/auto-scroll.tsx": {"lines":{"total":16,"covered":5,"skipped":0,"pct":31.25},"functions":{"total":5,"covered":1,"skipped":0,"pct":20},"statements":{"total":16,"covered":5,"skipped":0,"pct":31.25},"branches":{"total":6,"covered":0,"skipped":0,"pct":0}}
,"/Users/will/Projects/Split Infinities/Stellar/@stellar/src/components/helpers/clock/clock.tsx": {"lines":{"total":29,"covered":3,"skipped":0,"pct":10.34},"functions":{"total":14,"covered":1,"skipped":0,"pct":7.14},"statements":{"total":29,"covered":3,"skipped":0,"pct":10.34},"branches":{"total":27,"covered":0,"skipped":0,"pct":0}}
,"/Users/will/Projects/Split Infinities/Stellar/@stellar/src/components/helpers/code/code.tsx": {"lines":{"total":57,"covered":20,"skipped":0,"pct":35.09},"functions":{"total":20,"covered":1,"skipped":0,"pct":5},"statements":{"total":58,"covered":20,"skipped":0,"pct":34.48},"branches":{"total":14,"covered":0,"skipped":0,"pct":0}}
,"/Users/will/Projects/Split Infinities/Stellar/@stellar/src/components/helpers/horizontal-scroll/horizontal-scroll.tsx": {"lines":{"total":3,"covered":2,"skipped":0,"pct":66.67},"functions":{"total":1,"covered":0,"skipped":0,"pct":0},"statements":{"total":3,"covered":2,"skipped":0,"pct":66.67},"branches":{"total":0,"covered":0,"skipped":0,"pct":100}}
,"/Users/will/Projects/Split Infinities/Stellar/@stellar/src/components/helpers/mouse-trail/mouse-trail.tsx": {"lines":{"total":36,"covered":6,"skipped":0,"pct":16.67},"functions":{"total":9,"covered":1,"skipped":0,"pct":11.11},"statements":{"total":37,"covered":6,"skipped":0,"pct":16.22},"branches":{"total":4,"covered":0,"skipped":0,"pct":0}}
,"/Users/will/Projects/Split Infinities/Stellar/@stellar/src/components/media/icon/icon.tsx": {"lines":{"total":35,"covered":9,"skipped":0,"pct":25.71},"functions":{"total":10,"covered":2,"skipped":0,"pct":20},"statements":{"total":35,"covered":9,"skipped":0,"pct":25.71},"branches":{"total":35,"covered":3,"skipped":0,"pct":8.57}}
,"/Users/will/Projects/Split Infinities/Stellar/@stellar/src/components/media/icon/request.ts": {"lines":{"total":12,"covered":3,"skipped":0,"pct":25},"functions":{"total":3,"covered":0,"skipped":0,"pct":0},"statements":{"total":12,"covered":3,"skipped":0,"pct":25},"branches":{"total":4,"covered":0,"skipped":0,"pct":0}}
,"/Users/will/Projects/Split Infinities/Stellar/@stellar/src/components/media/icon/utils.ts": {"lines":{"total":58,"covered":51,"skipped":0,"pct":87.93},"functions":{"total":9,"covered":7,"skipped":0,"pct":77.78},"statements":{"total":59,"covered":52,"skipped":0,"pct":88.14},"branches":{"total":51,"covered":44,"skipped":0,"pct":86.27}}
,"/Users/will/Projects/Split Infinities/Stellar/@stellar/src/components/media/icon/validate.ts": {"lines":{"total":26,"covered":14,"skipped":0,"pct":53.85},"functions":{"total":2,"covered":1,"skipped":0,"pct":50},"statements":{"total":29,"covered":16,"skipped":0,"pct":55.17},"branches":{"total":20,"covered":9,"skipped":0,"pct":45}}
,"/Users/will/Projects/Split Infinities/Stellar/@stellar/src/components/motion/blur/blur.tsx": {"lines":{"total":27,"covered":5,"skipped":0,"pct":18.52},"functions":{"total":10,"covered":1,"skipped":0,"pct":10},"statements":{"total":27,"covered":5,"skipped":0,"pct":18.52},"branches":{"total":14,"covered":0,"skipped":0,"pct":0}}
,"/Users/will/Projects/Split Infinities/Stellar/@stellar/src/components/ui/accordion/accordion.tsx": {"lines":{"total":38,"covered":5,"skipped":0,"pct":13.16},"functions":{"total":16,"covered":0,"skipped":0,"pct":0},"statements":{"total":38,"covered":5,"skipped":0,"pct":13.16},"branches":{"total":8,"covered":0,"skipped":0,"pct":0}}
,"/Users/will/Projects/Split Infinities/Stellar/@stellar/src/components/ui/asset/asset.tsx": {"lines":{"total":7,"covered":7,"skipped":0,"pct":100},"functions":{"total":3,"covered":3,"skipped":0,"pct":100},"statements":{"total":7,"covered":7,"skipped":0,"pct":100},"branches":{"total":0,"covered":0,"skipped":0,"pct":100}}
,"/Users/will/Projects/Split Infinities/Stellar/@stellar/src/components/ui/avatar/avatar.tsx": {"lines":{"total":34,"covered":31,"skipped":0,"pct":91.18},"functions":{"total":7,"covered":4,"skipped":0,"pct":57.14},"statements":{"total":35,"covered":31,"skipped":0,"pct":88.57},"branches":{"total":24,"covered":15,"skipped":0,"pct":62.5}}
,"/Users/will/Projects/Split Infinities/Stellar/@stellar/src/components/ui/breadcrumb/breadcrumb.tsx": {"lines":{"total":17,"covered":4,"skipped":0,"pct":23.53},"functions":{"total":4,"covered":0,"skipped":0,"pct":0},"statements":{"total":17,"covered":4,"skipped":0,"pct":23.53},"branches":{"total":4,"covered":0,"skipped":0,"pct":0}}
,"/Users/will/Projects/Split Infinities/Stellar/@stellar/src/components/ui/breadcrumbs/breadcrumbs.tsx": {"lines":{"total":20,"covered":4,"skipped":0,"pct":20},"functions":{"total":5,"covered":0,"skipped":0,"pct":0},"statements":{"total":20,"covered":4,"skipped":0,"pct":20},"branches":{"total":2,"covered":0,"skipped":0,"pct":0}}
,"/Users/will/Projects/Split Infinities/Stellar/@stellar/src/components/ui/callout/callout.tsx": {"lines":{"total":30,"covered":7,"skipped":0,"pct":23.33},"functions":{"total":6,"covered":1,"skipped":0,"pct":16.67},"statements":{"total":30,"covered":7,"skipped":0,"pct":23.33},"branches":{"total":9,"covered":0,"skipped":0,"pct":0}}
,"/Users/will/Projects/Split Infinities/Stellar/@stellar/src/components/ui/card/card.tsx": {"lines":{"total":65,"covered":16,"skipped":0,"pct":24.62},"functions":{"total":13,"covered":1,"skipped":0,"pct":7.69},"statements":{"total":68,"covered":16,"skipped":0,"pct":23.53},"branches":{"total":27,"covered":0,"skipped":0,"pct":0}}
,"/Users/will/Projects/Split Infinities/Stellar/@stellar/src/components/ui/comment/comment.tsx": {"lines":{"total":12,"covered":6,"skipped":0,"pct":50},"functions":{"total":4,"covered":1,"skipped":0,"pct":25},"statements":{"total":12,"covered":6,"skipped":0,"pct":50},"branches":{"total":4,"covered":0,"skipped":0,"pct":0}}
,"/Users/will/Projects/Split Infinities/Stellar/@stellar/src/components/ui/comments/comments.tsx": {"lines":{"total":3,"covered":2,"skipped":0,"pct":66.67},"functions":{"total":1,"covered":0,"skipped":0,"pct":0},"statements":{"total":3,"covered":2,"skipped":0,"pct":66.67},"branches":{"total":0,"covered":0,"skipped":0,"pct":100}}
,"/Users/will/Projects/Split Infinities/Stellar/@stellar/src/components/ui/content/content.tsx": {"lines":{"total":17,"covered":6,"skipped":0,"pct":35.29},"functions":{"total":6,"covered":1,"skipped":0,"pct":16.67},"statements":{"total":17,"covered":6,"skipped":0,"pct":35.29},"branches":{"total":6,"covered":0,"skipped":0,"pct":0}}
,"/Users/will/Projects/Split Infinities/Stellar/@stellar/src/components/ui/copy-wrap/copy-wrap.tsx": {"lines":{"total":5,"covered":4,"skipped":0,"pct":80},"functions":{"total":2,"covered":1,"skipped":0,"pct":50},"statements":{"total":5,"covered":4,"skipped":0,"pct":80},"branches":{"total":0,"covered":0,"skipped":0,"pct":100}}
,"/Users/will/Projects/Split Infinities/Stellar/@stellar/src/components/ui/dropdown/dropdown.tsx": {"lines":{"total":17,"covered":13,"skipped":0,"pct":76.47},"functions":{"total":5,"covered":1,"skipped":0,"pct":20},"statements":{"total":17,"covered":13,"skipped":0,"pct":76.47},"branches":{"total":4,"covered":0,"skipped":0,"pct":0}}
,"/Users/will/Projects/Split Infinities/Stellar/@stellar/src/components/ui/group/group.tsx": {"lines":{"total":29,"covered":5,"skipped":0,"pct":17.24},"functions":{"total":11,"covered":1,"skipped":0,"pct":9.09},"statements":{"total":29,"covered":5,"skipped":0,"pct":17.24},"branches":{"total":12,"covered":0,"skipped":0,"pct":0}}
,"/Users/will/Projects/Split Infinities/Stellar/@stellar/src/components/ui/group-overflow/group-overflow.tsx": {"lines":{"total":4,"covered":3,"skipped":0,"pct":75},"functions":{"total":2,"covered":1,"skipped":0,"pct":50},"statements":{"total":4,"covered":3,"skipped":0,"pct":75},"branches":{"total":0,"covered":0,"skipped":0,"pct":100}}
,"/Users/will/Projects/Split Infinities/Stellar/@stellar/src/components/ui/layout/layout.tsx": {"lines":{"total":16,"covered":7,"skipped":0,"pct":43.75},"functions":{"total":5,"covered":1,"skipped":0,"pct":20},"statements":{"total":16,"covered":7,"skipped":0,"pct":43.75},"branches":{"total":0,"covered":0,"skipped":0,"pct":100}}
,"/Users/will/Projects/Split Infinities/Stellar/@stellar/src/components/ui/message/message.tsx": {"lines":{"total":30,"covered":11,"skipped":0,"pct":36.67},"functions":{"total":5,"covered":1,"skipped":0,"pct":20},"statements":{"total":30,"covered":11,"skipped":0,"pct":36.67},"branches":{"total":14,"covered":0,"skipped":0,"pct":0}}
,"/Users/will/Projects/Split Infinities/Stellar/@stellar/src/components/ui/pagination/pagination.tsx": {"lines":{"total":86,"covered":18,"skipped":0,"pct":20.93},"functions":{"total":33,"covered":1,"skipped":0,"pct":3.03},"statements":{"total":86,"covered":18,"skipped":0,"pct":20.93},"branches":{"total":42,"covered":0,"skipped":0,"pct":0}}
,"/Users/will/Projects/Split Infinities/Stellar/@stellar/src/components/ui/step/step.tsx": {"lines":{"total":14,"covered":6,"skipped":0,"pct":42.86},"functions":{"total":7,"covered":1,"skipped":0,"pct":14.29},"statements":{"total":14,"covered":6,"skipped":0,"pct":42.86},"branches":{"total":2,"covered":0,"skipped":0,"pct":0}}
,"/Users/will/Projects/Split Infinities/Stellar/@stellar/src/components/ui/steps/steps.tsx": {"lines":{"total":13,"covered":2,"skipped":0,"pct":15.38},"functions":{"total":5,"covered":0,"skipped":0,"pct":0},"statements":{"total":13,"covered":2,"skipped":0,"pct":15.38},"branches":{"total":4,"covered":0,"skipped":0,"pct":0}}
,"/Users/will/Projects/Split Infinities/Stellar/@stellar/src/components/ui/tab/tab.tsx": {"lines":{"total":43,"covered":13,"skipped":0,"pct":30.23},"functions":{"total":16,"covered":1,"skipped":0,"pct":6.25},"statements":{"total":43,"covered":13,"skipped":0,"pct":30.23},"branches":{"total":27,"covered":0,"skipped":0,"pct":0}}
,"/Users/will/Projects/Split Infinities/Stellar/@stellar/src/components/ui/table/table.tsx": {"lines":{"total":12,"covered":5,"skipped":0,"pct":41.67},"functions":{"total":5,"covered":1,"skipped":0,"pct":20},"statements":{"total":12,"covered":5,"skipped":0,"pct":41.67},"branches":{"total":10,"covered":0,"skipped":0,"pct":0}}
,"/Users/will/Projects/Split Infinities/Stellar/@stellar/src/components/ui/tabs/tabs.tsx": {"lines":{"total":39,"covered":11,"skipped":0,"pct":28.21},"functions":{"total":14,"covered":1,"skipped":0,"pct":7.14},"statements":{"total":39,"covered":11,"skipped":0,"pct":28.21},"branches":{"total":14,"covered":0,"skipped":0,"pct":0}}
,"/Users/will/Projects/Split Infinities/Stellar/@stellar/src/components/ui/tag/tag.tsx": {"lines":{"total":12,"covered":10,"skipped":0,"pct":83.33},"functions":{"total":3,"covered":1,"skipped":0,"pct":33.33},"statements":{"total":12,"covered":10,"skipped":0,"pct":83.33},"branches":{"total":0,"covered":0,"skipped":0,"pct":100}}
,"/Users/will/Projects/Split Infinities/Stellar/@stellar/src/components/ui/tooltip/tooltip.tsx": {"lines":{"total":8,"covered":8,"skipped":0,"pct":100},"functions":{"total":2,"covered":2,"skipped":0,"pct":100},"statements":{"total":8,"covered":8,"skipped":0,"pct":100},"branches":{"total":0,"covered":0,"skipped":0,"pct":100}}
,"/Users/will/Projects/Split Infinities/Stellar/@stellar/src/utils/colors.ts": {"lines":{"total":1,"covered":1,"skipped":0,"pct":100},"functions":{"total":0,"covered":0,"skipped":0,"pct":100},"statements":{"total":1,"covered":1,"skipped":0,"pct":100},"branches":{"total":0,"covered":0,"skipped":0,"pct":100}}
,"/Users/will/Projects/Split Infinities/Stellar/@stellar/src/utils/index.ts": {"lines":{"total":101,"covered":46,"skipped":0,"pct":45.54},"functions":{"total":16,"covered":2,"skipped":0,"pct":12.5},"statements":{"total":108,"covered":48,"skipped":0,"pct":44.44},"branches":{"total":35,"covered":14,"skipped":0,"pct":40}}
}
